<?xml version="1.0" encoding="UTF-8" ?>
<testsuite tests="3" failures="0" name="no.kristiania.prg200.database.TimeslotsDaoTest" time="0.024" errors="3" skipped="0">
  <properties>
[...]
</properties>
  <testcase classname="no.kristiania.prg200.database.TimeslotsDaoTest" name="shouldRetrieveTimeslotsById" time="0.011">
    <error message="Validate failed: Detected failed migration to version 006 (create table tracks)" type="org.flywaydb.core.api.FlywayException">org.flywaydb.core.api.FlywayException: Validate failed: Detected failed migration to version 006 (create table tracks)
	at org.flywaydb.core.Flyway.doValidate(Flyway.java:1375)
	at org.flywaydb.core.Flyway.access$100(Flyway.java:82)
	at org.flywaydb.core.Flyway$1.execute(Flyway.java:1257)
	at org.flywaydb.core.Flyway$1.execute(Flyway.java:1249)
	at org.flywaydb.core.Flyway.execute(Flyway.java:1604)
	at org.flywaydb.core.Flyway.migrate(Flyway.java:1249)
	at no.kristiania.prg200.database.TestDataSource.createDataSource(TestDataSource.java:18)
	at no.kristiania.prg200.database.TimeslotsDaoTest.&lt;init&gt;(TimeslotsDaoTest.java:13)
	at java.base/jdk.internal.reflect.NativeConstructorAccessorImpl.newInstance0(Native Method)
	at java.base/jdk.internal.reflect.NativeConstructorAccessorImpl.newInstance(NativeConstructorAccessorImpl.java:62)
	at java.base/jdk.internal.reflect.DelegatingConstructorAccessorImpl.newInstance(DelegatingConstructorAccessorImpl.java:45)
	at java.base/java.lang.reflect.Constructor.newInstance(Constructor.java:488)
	at org.junit.runners.BlockJUnit4ClassRunner.createTest(BlockJUnit4ClassRunner.java:217)
	at org.junit.runners.BlockJUnit4ClassRunner$1.runReflectiveCall(BlockJUnit4ClassRunner.java:266)
	at org.junit.internal.runners.model.ReflectiveCallable.run(ReflectiveCallable.java:12)
	at org.junit.runners.BlockJUnit4ClassRunner.methodBlock(BlockJUnit4ClassRunner.java:263)
	at org.junit.runners.BlockJUnit4ClassRunner.runChild(BlockJUnit4ClassRunner.java:78)
	at org.junit.runners.BlockJUnit4ClassRunner.runChild(BlockJUnit4ClassRunner.java:57)
	at org.junit.runners.ParentRunner$3.run(ParentRunner.java:290)
	at org.junit.runners.ParentRunner$1.schedule(ParentRunner.java:71)
	at org.junit.runners.ParentRunner.runChildren(ParentRunner.java:288)
	at org.junit.runners.ParentRunner.access$000(ParentRunner.java:58)
	at org.junit.runners.ParentRunner$2.evaluate(ParentRunner.java:268)
	at org.junit.runners.ParentRunner.run(ParentRunner.java:363)
	at org.apache.maven.surefire.junit4.JUnit4Provider.execute(JUnit4Provider.java:252)
	at org.apache.maven.surefire.junit4.JUnit4Provider.executeTestSet(JUnit4Provider.java:141)
	at org.apache.maven.surefire.junit4.JUnit4Provider.invoke(JUnit4Provider.java:112)
	at java.base/jdk.internal.reflect.NativeMethodAccessorImpl.invoke0(Native Method)
	at java.base/jdk.internal.reflect.NativeMethodAccessorImpl.invoke(NativeMethodAccessorImpl.java:62)
	at java.base/jdk.internal.reflect.DelegatingMethodAccessorImpl.invoke(DelegatingMethodAccessorImpl.java:43)
	at java.base/java.lang.reflect.Method.invoke(Method.java:564)
	at org.apache.maven.surefire.util.ReflectionUtils.invokeMethodWithArray(ReflectionUtils.java:189)
	at org.apache.maven.surefire.booter.ProviderFactory$ProviderProxy.invoke(ProviderFactory.java:165)
	at org.apache.maven.surefire.booter.ProviderFactory.invokeProvider(ProviderFactory.java:85)
	at org.apache.maven.surefire.booter.ForkedBooter.runSuitesInProcess(ForkedBooter.java:115)
	at org.apache.maven.surefire.booter.ForkedBooter.main(ForkedBooter.java:75)
</error>
    <system-err>nov. 11, 2018 7:05:31 P.M. org.flywaydb.core.internal.database.DatabaseFactory createDatabase
INFO: Database: jdbc:h2:mem:test (H2 1.4)
</system-err>
  </testcase>
  <testcase classname="no.kristiania.prg200.database.TimeslotsDaoTest" name="shouldFindSavedTimeslots" time="0.001">
    <error message="Validate failed: Detected failed migration to version 006 (create table tracks)" type="org.flywaydb.core.api.FlywayException">org.flywaydb.core.api.FlywayException: Validate failed: Detected failed migration to version 006 (create table tracks)
	at org.flywaydb.core.Flyway.doValidate(Flyway.java:1375)
	at org.flywaydb.core.Flyway.access$100(Flyway.java:82)
	at org.flywaydb.core.Flyway$1.execute(Flyway.java:1257)
	at org.flywaydb.core.Flyway$1.execute(Flyway.java:1249)
	at org.flywaydb.core.Flyway.execute(Flyway.java:1604)
	at org.flywaydb.core.Flyway.migrate(Flyway.java:1249)
	at no.kristiania.prg200.database.TestDataSource.createDataSource(TestDataSource.java:18)
	at no.kristiania.prg200.database.TimeslotsDaoTest.&lt;init&gt;(TimeslotsDaoTest.java:13)
	at java.base/jdk.internal.reflect.NativeConstructorAccessorImpl.newInstance0(Native Method)
	at java.base/jdk.internal.reflect.NativeConstructorAccessorImpl.newInstance(NativeConstructorAccessorImpl.java:62)
	at java.base/jdk.internal.reflect.DelegatingConstructorAccessorImpl.newInstance(DelegatingConstructorAccessorImpl.java:45)
	at java.base/java.lang.reflect.Constructor.newInstance(Constructor.java:488)
	at org.junit.runners.BlockJUnit4ClassRunner.createTest(BlockJUnit4ClassRunner.java:217)
	at org.junit.runners.BlockJUnit4ClassRunner$1.runReflectiveCall(BlockJUnit4ClassRunner.java:266)
	at org.junit.internal.runners.model.ReflectiveCallable.run(ReflectiveCallable.java:12)
	at org.junit.runners.BlockJUnit4ClassRunner.methodBlock(BlockJUnit4ClassRunner.java:263)
	at org.junit.runners.BlockJUnit4ClassRunner.runChild(BlockJUnit4ClassRunner.java:78)
	at org.junit.runners.BlockJUnit4ClassRunner.runChild(BlockJUnit4ClassRunner.java:57)
	at org.junit.runners.ParentRunner$3.run(ParentRunner.java:290)
	at org.junit.runners.ParentRunner$1.schedule(ParentRunner.java:71)
	at org.junit.runners.ParentRunner.runChildren(ParentRunner.java:288)
	at org.junit.runners.ParentRunner.access$000(ParentRunner.java:58)
	at org.junit.runners.ParentRunner$2.evaluate(ParentRunner.java:268)
	at org.junit.runners.ParentRunner.run(ParentRunner.java:363)
	at org.apache.maven.surefire.junit4.JUnit4Provider.execute(JUnit4Provider.java:252)
	at org.apache.maven.surefire.junit4.JUnit4Provider.executeTestSet(JUnit4Provider.java:141)
	at org.apache.maven.surefire.junit4.JUnit4Provider.invoke(JUnit4Provider.java:112)
	at java.base/jdk.internal.reflect.NativeMethodAccessorImpl.invoke0(Native Method)
	at java.base/jdk.internal.reflect.NativeMethodAccessorImpl.invoke(NativeMethodAccessorImpl.java:62)
	at java.base/jdk.internal.reflect.DelegatingMethodAccessorImpl.invoke(DelegatingMethodAccessorImpl.java:43)
	at java.base/java.lang.reflect.Method.invoke(Method.java:564)
	at org.apache.maven.surefire.util.ReflectionUtils.invokeMethodWithArray(ReflectionUtils.java:189)
	at org.apache.maven.surefire.booter.ProviderFactory$ProviderProxy.invoke(ProviderFactory.java:165)
	at org.apache.maven.surefire.booter.ProviderFactory.invokeProvider(ProviderFactory.java:85)
	at org.apache.maven.surefire.booter.ForkedBooter.runSuitesInProcess(ForkedBooter.java:115)
	at org.apache.maven.surefire.booter.ForkedBooter.main(ForkedBooter.java:75)
</error>
    <system-err>nov. 11, 2018 7:05:31 P.M. org.flywaydb.core.internal.database.DatabaseFactory createDatabase
INFO: Database: jdbc:h2:mem:test (H2 1.4)
</system-err>
  </testcase>
  <testcase classname="no.kristiania.prg200.database.TimeslotsDaoTest" name="shouldCreateTimeslots" time="0.012">
    <error message="Validate failed: Detected failed migration to version 006 (create table tracks)" type="org.flywaydb.core.api.FlywayException">org.flywaydb.core.api.FlywayException: Validate failed: Detected failed migration to version 006 (create table tracks)
	at org.flywaydb.core.Flyway.doValidate(Flyway.java:1375)
	at org.flywaydb.core.Flyway.access$100(Flyway.java:82)
	at org.flywaydb.core.Flyway$1.execute(Flyway.java:1257)
	at org.flywaydb.core.Flyway$1.execute(Flyway.java:1249)
	at org.flywaydb.core.Flyway.execute(Flyway.java:1604)
	at org.flywaydb.core.Flyway.migrate(Flyway.java:1249)
	at no.kristiania.prg200.database.TestDataSource.createDataSource(TestDataSource.java:18)
	at no.kristiania.prg200.database.TimeslotsDaoTest.&lt;init&gt;(TimeslotsDaoTest.java:13)
	at java.base/jdk.internal.reflect.NativeConstructorAccessorImpl.newInstance0(Native Method)
	at java.base/jdk.internal.reflect.NativeConstructorAccessorImpl.newInstance(NativeConstructorAccessorImpl.java:62)
	at java.base/jdk.internal.reflect.DelegatingConstructorAccessorImpl.newInstance(DelegatingConstructorAccessorImpl.java:45)
	at java.base/java.lang.reflect.Constructor.newInstance(Constructor.java:488)
	at org.junit.runners.BlockJUnit4ClassRunner.createTest(BlockJUnit4ClassRunner.java:217)
	at org.junit.runners.BlockJUnit4ClassRunner$1.runReflectiveCall(BlockJUnit4ClassRunner.java:266)
	at org.junit.internal.runners.model.ReflectiveCallable.run(ReflectiveCallable.java:12)
	at org.junit.runners.BlockJUnit4ClassRunner.methodBlock(BlockJUnit4ClassRunner.java:263)
	at org.junit.runners.BlockJUnit4ClassRunner.runChild(BlockJUnit4ClassRunner.java:78)
	at org.junit.runners.BlockJUnit4ClassRunner.runChild(BlockJUnit4ClassRunner.java:57)
	at org.junit.runners.ParentRunner$3.run(ParentRunner.java:290)
	at org.junit.runners.ParentRunner$1.schedule(ParentRunner.java:71)
	at org.junit.runners.ParentRunner.runChildren(ParentRunner.java:288)
	at org.junit.runners.ParentRunner.access$000(ParentRunner.java:58)
	at org.junit.runners.ParentRunner$2.evaluate(ParentRunner.java:268)
	at org.junit.runners.ParentRunner.run(ParentRunner.java:363)
	at org.apache.maven.surefire.junit4.JUnit4Provider.execute(JUnit4Provider.java:252)
	at org.apache.maven.surefire.junit4.JUnit4Provider.executeTestSet(JUnit4Provider.java:141)
	at org.apache.maven.surefire.junit4.JUnit4Provider.invoke(JUnit4Provider.java:112)
	at java.base/jdk.internal.reflect.NativeMethodAccessorImpl.invoke0(Native Method)
	at java.base/jdk.internal.reflect.NativeMethodAccessorImpl.invoke(NativeMethodAccessorImpl.java:62)
	at java.base/jdk.internal.reflect.DelegatingMethodAccessorImpl.invoke(DelegatingMethodAccessorImpl.java:43)
	at java.base/java.lang.reflect.Method.invoke(Method.java:564)
	at org.apache.maven.surefire.util.ReflectionUtils.invokeMethodWithArray(ReflectionUtils.java:189)
	at org.apache.maven.surefire.booter.ProviderFactory$ProviderProxy.invoke(ProviderFactory.java:165)
	at org.apache.maven.surefire.booter.ProviderFactory.invokeProvider(ProviderFactory.java:85)
	at org.apache.maven.surefire.booter.ForkedBooter.runSuitesInProcess(ForkedBooter.java:115)
	at org.apache.maven.surefire.booter.ForkedBooter.main(ForkedBooter.java:75)
</error>
    <system-err>nov. 11, 2018 7:05:31 P.M. org.flywaydb.core.internal.database.DatabaseFactory createDatabase
INFO: Database: jdbc:h2:mem:test (H2 1.4)
</system-err>
  </testcase>
</testsuite>