<?xml version="1.0" encoding="UTF-8" ?>
<testsuite tests="3" failures="0" name="no.kristiania.prg200.database.RoomsDaoTest" time="0.134" errors="2" skipped="0">
  <properties>
[...]
</properties>
  <testcase classname="no.kristiania.prg200.database.RoomsDaoTest" name="shouldFindSavedRooms" time="0.095"/>
  <testcase classname="no.kristiania.prg200.database.RoomsDaoTest" name="shouldCreateRooms" time="0.025">
    <error message="Column &quot;ID&quot; not found; SQL statement:
SELECT * FROM rooms WHERE id = ? [42122-197]" type="org.h2.jdbc.JdbcSQLException">org.h2.jdbc.JdbcSQLException: Column &quot;ID&quot; not found; SQL statement:
SELECT * FROM rooms WHERE id = ? [42122-197]
	at org.h2.message.DbException.getJdbcSQLException(DbException.java:357)
	at org.h2.message.DbException.get(DbException.java:179)
	at org.h2.message.DbException.get(DbException.java:155)
	at org.h2.expression.ExpressionColumn.optimize(ExpressionColumn.java:150)
	at org.h2.expression.Comparison.optimize(Comparison.java:177)
	at org.h2.command.dml.Select.prepare(Select.java:861)
	at org.h2.command.Parser.prepareCommand(Parser.java:283)
	at org.h2.engine.Session.prepareLocal(Session.java:611)
	at org.h2.engine.Session.prepareCommand(Session.java:549)
	at org.h2.jdbc.JdbcConnection.prepareCommand(JdbcConnection.java:1247)
	at org.h2.jdbc.JdbcPreparedStatement.&lt;init&gt;(JdbcPreparedStatement.java:76)
	at org.h2.jdbc.JdbcConnection.prepareStatement(JdbcConnection.java:304)
	at no.kristiania.prg200.database.core.AbstractDao.retrieveSingleObject(AbstractDao.java:22)
	at no.kristiania.prg200.database.core.RoomsDao.retrieve(RoomsDao.java:34)
	at no.kristiania.prg200.database.RoomsDaoTest.shouldCreateRooms(RoomsDaoTest.java:20)
	at java.base/jdk.internal.reflect.NativeMethodAccessorImpl.invoke0(Native Method)
	at java.base/jdk.internal.reflect.NativeMethodAccessorImpl.invoke(NativeMethodAccessorImpl.java:62)
	at java.base/jdk.internal.reflect.DelegatingMethodAccessorImpl.invoke(DelegatingMethodAccessorImpl.java:43)
	at java.base/java.lang.reflect.Method.invoke(Method.java:564)
	at org.junit.runners.model.FrameworkMethod$1.runReflectiveCall(FrameworkMethod.java:50)
	at org.junit.internal.runners.model.ReflectiveCallable.run(ReflectiveCallable.java:12)
	at org.junit.runners.model.FrameworkMethod.invokeExplosively(FrameworkMethod.java:47)
	at org.junit.internal.runners.statements.InvokeMethod.evaluate(InvokeMethod.java:17)
	at org.junit.runners.ParentRunner.runLeaf(ParentRunner.java:325)
	at org.junit.runners.BlockJUnit4ClassRunner.runChild(BlockJUnit4ClassRunner.java:78)
	at org.junit.runners.BlockJUnit4ClassRunner.runChild(BlockJUnit4ClassRunner.java:57)
	at org.junit.runners.ParentRunner$3.run(ParentRunner.java:290)
	at org.junit.runners.ParentRunner$1.schedule(ParentRunner.java:71)
	at org.junit.runners.ParentRunner.runChildren(ParentRunner.java:288)
	at org.junit.runners.ParentRunner.access$000(ParentRunner.java:58)
	at org.junit.runners.ParentRunner$2.evaluate(ParentRunner.java:268)
	at org.junit.runners.ParentRunner.run(ParentRunner.java:363)
	at org.apache.maven.surefire.junit4.JUnit4Provider.execute(JUnit4Provider.java:252)
	at org.apache.maven.surefire.junit4.JUnit4Provider.executeTestSet(JUnit4Provider.java:141)
	at org.apache.maven.surefire.junit4.JUnit4Provider.invoke(JUnit4Provider.java:112)
	at java.base/jdk.internal.reflect.NativeMethodAccessorImpl.invoke0(Native Method)
	at java.base/jdk.internal.reflect.NativeMethodAccessorImpl.invoke(NativeMethodAccessorImpl.java:62)
	at java.base/jdk.internal.reflect.DelegatingMethodAccessorImpl.invoke(DelegatingMethodAccessorImpl.java:43)
	at java.base/java.lang.reflect.Method.invoke(Method.java:564)
	at org.apache.maven.surefire.util.ReflectionUtils.invokeMethodWithArray(ReflectionUtils.java:189)
	at org.apache.maven.surefire.booter.ProviderFactory$ProviderProxy.invoke(ProviderFactory.java:165)
	at org.apache.maven.surefire.booter.ProviderFactory.invokeProvider(ProviderFactory.java:85)
	at org.apache.maven.surefire.booter.ForkedBooter.runSuitesInProcess(ForkedBooter.java:115)
	at org.apache.maven.surefire.booter.ForkedBooter.main(ForkedBooter.java:75)
</error>
    <system-err>nov. 11, 2018 9:07:11 P.M. org.flywaydb.core.internal.database.DatabaseFactory createDatabase
INFO: Database: jdbc:h2:mem:test (H2 1.4)
nov. 11, 2018 9:07:11 P.M. org.flywaydb.core.internal.command.DbValidate validate
INFO: Successfully validated 5 migrations (execution time 00:00.041s)
nov. 11, 2018 9:07:11 P.M. org.flywaydb.core.internal.command.DbMigrate migrateGroup
INFO: Current version of schema &quot;PUBLIC&quot;: 006
nov. 11, 2018 9:07:11 P.M. org.flywaydb.core.internal.command.DbMigrate logSummary
INFO: Schema &quot;PUBLIC&quot; is up to date. No migration necessary.
</system-err>
  </testcase>
  <testcase classname="no.kristiania.prg200.database.RoomsDaoTest" name="shouldRetrieveRoomsById" time="0.014">
    <error message="Column &quot;ID&quot; not found; SQL statement:
SELECT * FROM rooms WHERE id = ? [42122-197]" type="org.h2.jdbc.JdbcSQLException">org.h2.jdbc.JdbcSQLException: Column &quot;ID&quot; not found; SQL statement:
SELECT * FROM rooms WHERE id = ? [42122-197]
	at org.h2.message.DbException.getJdbcSQLException(DbException.java:357)
	at org.h2.message.DbException.get(DbException.java:179)
	at org.h2.message.DbException.get(DbException.java:155)
	at org.h2.expression.ExpressionColumn.optimize(ExpressionColumn.java:150)
	at org.h2.expression.Comparison.optimize(Comparison.java:177)
	at org.h2.command.dml.Select.prepare(Select.java:861)
	at org.h2.command.Parser.prepareCommand(Parser.java:283)
	at org.h2.engine.Session.prepareLocal(Session.java:611)
	at org.h2.engine.Session.prepareCommand(Session.java:549)
	at org.h2.jdbc.JdbcConnection.prepareCommand(JdbcConnection.java:1247)
	at org.h2.jdbc.JdbcPreparedStatement.&lt;init&gt;(JdbcPreparedStatement.java:76)
	at org.h2.jdbc.JdbcConnection.prepareStatement(JdbcConnection.java:304)
	at no.kristiania.prg200.database.core.AbstractDao.retrieveSingleObject(AbstractDao.java:22)
	at no.kristiania.prg200.database.core.RoomsDao.retrieve(RoomsDao.java:34)
	at no.kristiania.prg200.database.RoomsDaoTest.shouldRetrieveRoomsById(RoomsDaoTest.java:30)
	at java.base/jdk.internal.reflect.NativeMethodAccessorImpl.invoke0(Native Method)
	at java.base/jdk.internal.reflect.NativeMethodAccessorImpl.invoke(NativeMethodAccessorImpl.java:62)
	at java.base/jdk.internal.reflect.DelegatingMethodAccessorImpl.invoke(DelegatingMethodAccessorImpl.java:43)
	at java.base/java.lang.reflect.Method.invoke(Method.java:564)
	at org.junit.runners.model.FrameworkMethod$1.runReflectiveCall(FrameworkMethod.java:50)
	at org.junit.internal.runners.model.ReflectiveCallable.run(ReflectiveCallable.java:12)
	at org.junit.runners.model.FrameworkMethod.invokeExplosively(FrameworkMethod.java:47)
	at org.junit.internal.runners.statements.InvokeMethod.evaluate(InvokeMethod.java:17)
	at org.junit.runners.ParentRunner.runLeaf(ParentRunner.java:325)
	at org.junit.runners.BlockJUnit4ClassRunner.runChild(BlockJUnit4ClassRunner.java:78)
	at org.junit.runners.BlockJUnit4ClassRunner.runChild(BlockJUnit4ClassRunner.java:57)
	at org.junit.runners.ParentRunner$3.run(ParentRunner.java:290)
	at org.junit.runners.ParentRunner$1.schedule(ParentRunner.java:71)
	at org.junit.runners.ParentRunner.runChildren(ParentRunner.java:288)
	at org.junit.runners.ParentRunner.access$000(ParentRunner.java:58)
	at org.junit.runners.ParentRunner$2.evaluate(ParentRunner.java:268)
	at org.junit.runners.ParentRunner.run(ParentRunner.java:363)
	at org.apache.maven.surefire.junit4.JUnit4Provider.execute(JUnit4Provider.java:252)
	at org.apache.maven.surefire.junit4.JUnit4Provider.executeTestSet(JUnit4Provider.java:141)
	at org.apache.maven.surefire.junit4.JUnit4Provider.invoke(JUnit4Provider.java:112)
	at java.base/jdk.internal.reflect.NativeMethodAccessorImpl.invoke0(Native Method)
	at java.base/jdk.internal.reflect.NativeMethodAccessorImpl.invoke(NativeMethodAccessorImpl.java:62)
	at java.base/jdk.internal.reflect.DelegatingMethodAccessorImpl.invoke(DelegatingMethodAccessorImpl.java:43)
	at java.base/java.lang.reflect.Method.invoke(Method.java:564)
	at org.apache.maven.surefire.util.ReflectionUtils.invokeMethodWithArray(ReflectionUtils.java:189)
	at org.apache.maven.surefire.booter.ProviderFactory$ProviderProxy.invoke(ProviderFactory.java:165)
	at org.apache.maven.surefire.booter.ProviderFactory.invokeProvider(ProviderFactory.java:85)
	at org.apache.maven.surefire.booter.ForkedBooter.runSuitesInProcess(ForkedBooter.java:115)
	at org.apache.maven.surefire.booter.ForkedBooter.main(ForkedBooter.java:75)
</error>
    <system-err>nov. 11, 2018 9:07:11 P.M. org.flywaydb.core.internal.database.DatabaseFactory createDatabase
INFO: Database: jdbc:h2:mem:test (H2 1.4)
nov. 11, 2018 9:07:11 P.M. org.flywaydb.core.internal.command.DbValidate validate
INFO: Successfully validated 5 migrations (execution time 00:00.022s)
nov. 11, 2018 9:07:11 P.M. org.flywaydb.core.internal.command.DbMigrate migrateGroup
INFO: Current version of schema &quot;PUBLIC&quot;: 006
nov. 11, 2018 9:07:11 P.M. org.flywaydb.core.internal.command.DbMigrate logSummary
INFO: Schema &quot;PUBLIC&quot; is up to date. No migration necessary.
</system-err>
  </testcase>
</testsuite>